\BOOKMARK [1][-]{section.1}{\376\377\000I\000n\000t\000r\000o\000d\000u\000c\000t\000i\000o\000n}{}% 1
\BOOKMARK [1][-]{section.2}{\376\377\000M\000o\000t\000i\000v\000a\000t\000i\000o\000n\000:\000\040\000D\000e\000v\000e\000l\000o\000p\000\040\000a\000n\000\040\000e\000d\000u\000c\000a\000t\000i\000o\000n\000a\000l\000\040\000n\000e\000u\000r\000a\000l\000\040\000n\000e\000t\000w\000o\000r\000k}{}% 2
\BOOKMARK [2][-]{subsection.2.1}{\376\377\000A\000\040\000n\000e\000u\000r\000o\000n\000\040\000d\000a\000t\000a\000\040\000s\000t\000r\000u\000c\000t\000u\000r\000e}{section.2}% 3
\BOOKMARK [2][-]{subsection.2.2}{\376\377\000D\000e\000f\000i\000n\000i\000t\000i\000o\000n\000s}{section.2}% 4
\BOOKMARK [2][-]{subsection.2.3}{\376\377\000T\000h\000e\000\040\000f\000o\000r\000w\000a\000r\000d\000\040\000p\000a\000s\000s}{section.2}% 5
\BOOKMARK [3][-]{subsubsection.2.3.1}{\376\377\000P\000s\000e\000u\000d\000o\000-\000c\000o\000d\000e}{subsection.2.3}% 6
\BOOKMARK [2][-]{subsection.2.4}{\376\377\000B\000a\000c\000k\000-\000p\000r\000o\000p\000a\000g\000a\000t\000i\000o\000n}{section.2}% 7
\BOOKMARK [3][-]{subsubsection.2.4.1}{\376\377\000P\000s\000e\000u\000d\000o\000-\000c\000o\000d\000e}{subsection.2.4}% 8
\BOOKMARK [2][-]{subsection.2.5}{\376\377\000A\000\040\000t\000h\000r\000e\000e\000-\000l\000a\000y\000e\000r\000,\000\040\000t\000h\000r\000e\000e\000-\000n\000e\000u\000r\000o\000n\000\040\000n\000e\000t\000w\000o\000r\000k}{section.2}% 9
\BOOKMARK [1][-]{section.3}{\376\377\000B\000u\000i\000l\000d\000\040\000a\000n\000\040\000o\000p\000t\000i\000m\000i\000z\000e\000d\000\040\000n\000e\000u\000r\000a\000l\000\040\000n\000e\000t\000w\000o\000r\000k\000\040\000m\000o\000d\000e\000l\000\040\000u\000s\000i\000n\000g\000\040\000m\000a\000t\000r\000i\000c\000e\000s}{}% 10
\BOOKMARK [2][-]{subsection.3.1}{\376\377\000F\000o\000r\000w\000a\000r\000d\000\040\000p\000a\000s\000s}{section.3}% 11
\BOOKMARK [3][-]{subsubsection.3.1.1}{\376\377\000M\000a\000t\000r\000i\000x\000\040\000s\000i\000z\000e\000s}{subsection.3.1}% 12
\BOOKMARK [3][-]{subsubsection.3.1.2}{\376\377\000P\000s\000e\000u\000d\000o\000-\000c\000o\000d\000e}{subsection.3.1}% 13
\BOOKMARK [2][-]{subsection.3.2}{\376\377\000B\000a\000c\000k\000\040\000p\000r\000o\000p\000a\000g\000a\000t\000i\000o\000n\000\040\000\050\000t\000h\000e\000\040\000b\000a\000c\000k\000w\000a\000r\000d\000\040\000p\000a\000s\000s\000\051}{section.3}% 14
\BOOKMARK [3][-]{subsubsection.3.2.1}{\376\377\000T\000h\000e\000\040\000z\000-\000v\000e\000c\000t\000o\000r\000s}{subsection.3.2}% 15
\BOOKMARK [3][-]{subsubsection.3.2.2}{\376\377\000T\000h\000e\000\040\000-\000v\000e\000c\000t\000o\000r\000s}{subsection.3.2}% 16
\BOOKMARK [3][-]{subsubsection.3.2.3}{\376\377\000C\000o\000r\000r\000e\000c\000t\000i\000n\000g\000\040\000t\000h\000e\000\040\000w\000e\000i\000g\000h\000t\000s}{subsection.3.2}% 17
\BOOKMARK [1][-]{section.4}{\376\377\000D\000e\000r\000i\000v\000a\000t\000i\000o\000n\000\040\000o\000f\000\040\000a\000l\000l\000\040\000b\000a\000c\000k\000-\000p\000r\000o\000p\000a\000g\000a\000t\000i\000o\000n\000\040\000f\000o\000r\000m\000u\000l\000a\000s}{}% 18
\BOOKMARK [2][-]{subsection.4.1}{\376\377\000C\000o\000r\000r\000e\000c\000t\000i\000n\000g\000\040\000w\000e\000i\000g\000h\000t\000s\000\040\000f\000e\000e\000d\000i\000n\000g\000\040\000t\000h\000e\000\040\000o\000u\000t\000p\000u\000t\000\040\000l\000a\000y\000e\000r}{section.4}% 19
\BOOKMARK [3][-]{subsubsection.4.1.1}{\376\377\000A\000\040\000s\000h\000o\000r\000t\000\040\000n\000u\000m\000e\000r\000i\000c\000a\000l\000\040\000e\000x\000a\000m\000p\000l\000e}{subsection.4.1}% 20
\BOOKMARK [2][-]{subsection.4.2}{\376\377\000C\000o\000r\000r\000e\000c\000t\000i\000n\000g\000\040\000w\000e\000i\000g\000h\000t\000s\000\040\000f\000e\000e\000d\000i\000n\000g\000\040\000a\000\040\000h\000i\000d\000d\000e\000n\000\040\000l\000a\000y\000e\000r}{section.4}% 21
\BOOKMARK [3][-]{subsubsection.4.2.1}{\376\377\000O\000n\000e\000\040\000m\000o\000r\000e\000\040\000t\000i\000m\000e}{subsection.4.2}% 22
\BOOKMARK [2][-]{subsection.4.3}{\376\377\000C\000o\000r\000r\000e\000c\000t\000i\000n\000g\000\040\000n\000e\000u\000r\000o\000n\000\040\000b\000i\000a\000s\000e\000s}{section.4}% 23
\BOOKMARK [3][-]{subsubsection.4.3.1}{\376\377\000A\000n\000o\000t\000h\000e\000r\000\040\000l\000o\000o\000k}{subsection.4.3}% 24
\BOOKMARK [1][-]{section.5}{\376\377\000P\000h\000y\000s\000i\000c\000s\000\040\000I\000n\000f\000o\000r\000m\000e\000d\000\040\000N\000e\000u\000r\000a\000l\000\040\000N\000e\000t\000w\000o\000r\000k\000\040\000\050\000P\000I\000N\000N\000\051}{}% 25
\BOOKMARK [2][-]{subsection.5.1}{\376\377\000W\000o\000r\000k\000i\000n\000g\000\040\000b\000a\000c\000k\000w\000a\000r\000d\000\040\000t\000o\000\040\000f\000i\000n\000d\000\040\000t\000h\000e\000\040\000d\000e\000r\000i\000v\000a\000t\000i\000v\000e\000\040\000o\000f\000\040\000t\000h\000e\000\040\000n\000e\000t\000w\000o\000r\000k}{section.5}% 26
\BOOKMARK [3][-]{subsubsection.5.1.1}{\376\377\000O\000l\000d\000\040\000R\000e\000s\000u\000l\000t}{subsection.5.1}% 27
\BOOKMARK [2][-]{subsection.5.2}{\376\377\000H\000i\000g\000h\000e\000r\000\040\000d\000e\000r\000i\000v\000a\000t\000i\000v\000e\000s}{section.5}% 28
\BOOKMARK [2][-]{subsection.5.3}{\376\377\000W\000o\000r\000k\000i\000n\000g\000\040\000f\000o\000r\000w\000a\000r\000d\000\040\000t\000o\000\040\000f\000i\000n\000d\000\040\000t\000h\000e\000\040\000d\000e\000r\000i\000v\000a\000t\000i\000v\000e\000\040\000o\000f\000\040\000t\000h\000e\000\040\000n\000e\000t\000w\000o\000r\000k}{section.5}% 29
\BOOKMARK [3][-]{subsubsection.5.3.1}{\376\377\000F\000o\000r\000w\000a\000r\000d\000\040\000a\000u\000t\000o\000d\000i\000f\000f\000e\000r\000e\000n\000t\000i\000a\000t\000i\000o\000n}{subsection.5.3}% 30
\BOOKMARK [3][-]{subsubsection.5.3.2}{\376\377\000d\000F\000/\000d\000x\000\040\000t\000h\000r\000o\000u\000g\000h\000\040\000a\000u\000t\000o\000d\000i\000f\000f\000e\000r\000e\000n\000t\000i\000a\000t\000i\000o\000n}{subsection.5.3}% 31
\BOOKMARK [2][-]{subsection.5.4}{\376\377\000T\000h\000e\000\040\000d\000e\000r\000i\000v\000a\000t\000i\000v\000e\000\040\000f\000o\000r\000\040\000a\000\040\000c\000o\000n\000v\000e\000n\000t\000i\000o\000n\000a\000l\000\040\000n\000e\000u\000r\000a\000l\000\040\000n\000e\000t\000w\000o\000r\000k}{section.5}% 32
\BOOKMARK [2][-]{subsection.5.5}{\376\377\000F\000o\000r\000w\000a\000r\000d\000\040\000w\000i\000t\000h\000\040\000a\000\040\000l\000a\000r\000g\000e\000r\000\040\000n\000e\000t\000w\000o\000r\000k}{section.5}% 33
\BOOKMARK [2][-]{subsection.5.6}{\376\377\000W\000h\000a\000t\000\040\000d\000i\000d\000\040\000w\000e\000\040\000l\000e\000a\000r\000n\000?}{section.5}% 34
