t=0.19, epoch=0, loss=106.61888329822648
Test: Output=[0.09122615 0.0475554  0.20727181 0.45829302 0.33082884 0.86978653], Target=[0, 0, 0, 0, 1, 0]
t=21.51, epoch=100, loss=41.84473317057928
Test: Output=[0.02150714 0.02405049 0.19079047 0.39901983 0.58820382 0.54944327], Target=[0, 0, 0, 0, 1, 0]
t=42.80, epoch=200, loss=44.26588025115531
Test: Output=[0.02675019 0.02552015 0.20797232 0.36287781 0.38775875 0.35343708], Target=[0, 0, 0, 0, 1, 0]
t=67.11, epoch=300, loss=41.025310631318945
Test: Output=[0.02745875 0.02280665 0.16852269 0.37732266 0.37865599 0.26651037], Target=[0, 0, 0, 0, 1, 0]
t=87.90, epoch=400, loss=39.91742632642041
Test: Output=[0.02821602 0.02338536 0.24762972 0.42735575 0.26652917 0.30607779], Target=[0, 0, 0, 0, 1, 0]
t=108.51, epoch=500, loss=39.39621485933971
Test: Output=[0.01720081 0.01839994 0.12065899 0.42266831 0.39671224 0.18745024], Target=[0, 0, 0, 0, 1, 0]
t=129.28, epoch=600, loss=47.547403549909774
Test: Output=[0.023502   0.01975332 0.18199134 0.2866847  0.37193482 0.27419039], Target=[0, 0, 0, 0, 1, 0]
t=150.77, epoch=700, loss=47.139841038540595
Test: Output=[0.01942495 0.024714   0.09372278 0.45367081 0.46807642 0.63107873], Target=[0, 0, 0, 0, 1, 0]
t=171.48, epoch=800, loss=39.272703799061574
Test: Output=[0.03458306 0.04968098 0.05355089 0.53676622 0.40668175 0.1085417 ], Target=[0, 0, 0, 0, 1, 0]
t=192.56, epoch=900, loss=30.668558429379054
Test: Output=[0.02433094 0.02298512 0.5004491  0.17562302 0.10184821 0.12711944], Target=[0, 0, 0, 0, 1, 0]
t=214.15, epoch=1,000, loss=26.88409781844885
Test: Output=[0.01209824 0.02809497 0.03965916 0.82601072 0.71176798 0.18517928], Target=[0, 0, 0, 0, 1, 0]
t=234.95, epoch=1,100, loss=20.26586882133463
Test: Output=[0.01484824 0.02621074 0.09777316 0.83059438 0.68759618 0.19575398], Target=[0, 0, 0, 0, 1, 0]
t=256.73, epoch=1,200, loss=27.242763029118546
Test: Output=[0.01569666 0.02581592 0.14164068 0.58705261 0.80636509 0.42649075], Target=[0, 0, 0, 0, 1, 0]
t=277.55, epoch=1,300, loss=33.37488232879791
Test: Output=[0.00944012 0.01167409 0.24523218 0.38392455 0.36307668 0.9121685 ], Target=[0, 0, 0, 0, 1, 0]
t=297.89, epoch=1,400, loss=21.637145310674978
Test: Output=[0.01046869 0.01343051 0.16047541 0.4125515  0.46028174 0.0920856 ], Target=[0, 0, 0, 0, 1, 0]
t=318.51, epoch=1,500, loss=15.67413702779426
Test: Output=[0.01062533 0.02016495 0.03561473 0.90901392 0.82061281 0.10834212], Target=[0, 0, 0, 0, 1, 0]
t=339.39, epoch=1,600, loss=25.300667948903325
Test: Output=[0.00987261 0.01562274 0.04416589 0.34902359 0.51008642 0.48991284], Target=[0, 0, 0, 0, 1, 0]
t=360.66, epoch=1,700, loss=20.98053749153118
Test: Output=[0.02154378 0.02639841 0.04000561 0.29179639 0.74138154 0.2513734 ], Target=[0, 0, 0, 0, 1, 0]
t=381.48, epoch=1,800, loss=11.955314887105574
Test: Output=[0.00985921 0.01066982 0.03525723 0.80375817 0.90271655 0.11346755], Target=[0, 0, 0, 0, 1, 0]
t=402.23, epoch=1,900, loss=10.398089572041378
Test: Output=[0.00994721 0.01203581 0.06401765 0.67707845 0.71330486 0.06238882], Target=[0, 0, 0, 0, 1, 0]
t=422.78, epoch=2,000, loss=23.410291809327216
Test: Output=[0.02254299 0.02293251 0.06761016 0.29148708 0.40900436 0.06357863], Target=[0, 0, 0, 0, 1, 0]
t=443.32, epoch=2,100, loss=15.905640634697756
Test: Output=[0.0086564  0.01054242 0.02434388 0.90736092 0.32431336 0.02857336], Target=[0, 0, 0, 0, 1, 0]
t=463.81, epoch=2,200, loss=16.343700135382235
Test: Output=[0.00840004 0.01046452 0.03319895 0.76333827 0.90076665 0.10515541], Target=[0, 0, 0, 0, 1, 0]
t=484.39, epoch=2,300, loss=38.31162395684756
Test: Output=[0.01139121 0.0092228  0.17712005 0.04240627 0.24249983 0.06159031], Target=[0, 0, 0, 0, 1, 0]
t=505.05, epoch=2,400, loss=19.698643261635677
Test: Output=[0.0072437  0.00521873 0.06802723 0.53941551 0.42358455 0.003282  ], Target=[0, 0, 0, 0, 1, 0]
t=526.56, epoch=2,500, loss=22.12370025931158
Test: Output=[0.0161137  0.01535475 0.02268046 0.93237601 0.61470727 0.02405733], Target=[0, 0, 0, 0, 1, 0]
t=547.86, epoch=2,600, loss=23.483836049168207
Test: Output=[0.01007822 0.00635295 0.85510473 0.01499448 0.07396323 0.09116988], Target=[0, 0, 0, 0, 1, 0]
t=569.72, epoch=2,700, loss=15.649184190836344
Test: Output=[0.00724932 0.00841619 0.05323041 0.89439527 0.66482205 0.06911175], Target=[0, 0, 0, 0, 1, 0]
t=591.23, epoch=2,800, loss=25.737962431549104
Test: Output=[0.0048241  0.00564121 0.03868207 0.87529018 0.40098137 0.00922351], Target=[0, 0, 0, 0, 1, 0]
t=613.26, epoch=2,900, loss=7.509632387004128
Test: Output=[0.00796941 0.00748261 0.02368809 0.8459038  0.32253796 0.01017672], Target=[0, 0, 0, 0, 1, 0]
t=635.37, epoch=3,000, loss=5.838281836019921
Test: Output=[0.01067947 0.01047743 0.02413099 0.9141649  0.23312768 0.01878327], Target=[0, 0, 0, 0, 1, 0]
t=658.04, epoch=3,100, loss=25.03883175664224
Test: Output=[0.00982677 0.00760971 0.01788761 0.97564838 0.87392371 0.06484733], Target=[0, 0, 0, 0, 1, 0]
t=680.24, epoch=3,200, loss=15.236102619284514
Test: Output=[0.00144546 0.00083325 0.42920287 0.19500373 0.04957585 0.00534569], Target=[0, 0, 0, 0, 1, 0]
t=702.19, epoch=3,300, loss=16.804207756843873
Test: Output=[0.00286403 0.00246007 0.0212691  0.97589903 0.87051777 0.16975242], Target=[0, 0, 0, 0, 1, 0]
t=724.01, epoch=3,400, loss=16.305404272969778
Test: Output=[0.00259421 0.00173457 0.07539753 0.85565789 0.69466895 0.03532119], Target=[0, 0, 0, 0, 1, 0]
t=746.25, epoch=3,500, loss=23.97359421377249
Test: Output=[0.00796317 0.00401075 0.02381283 0.93846809 0.80789539 0.01293828], Target=[0, 0, 0, 0, 1, 0]
t=768.06, epoch=3,600, loss=28.138499146804165
Test: Output=[0.01160437 0.00649557 0.05359477 0.08745683 0.53881495 0.02953064], Target=[0, 0, 0, 0, 1, 0]
t=790.49, epoch=3,700, loss=12.9683234678824
Test: Output=[0.00962522 0.00908396 0.0814847  0.87661523 0.80817416 0.02769608], Target=[0, 0, 0, 0, 1, 0]
t=812.82, epoch=3,800, loss=30.319254013864455
Test: Output=[0.00966494 0.00884242 0.02429014 0.80770179 0.45773512 0.52013212], Target=[0, 0, 0, 0, 1, 0]
t=835.05, epoch=3,900, loss=4.778327884842847
Test: Output=[0.02063987 0.01638198 0.03819856 0.62128869 0.23296638 0.02138452], Target=[0, 0, 0, 0, 1, 0]
t=857.67, epoch=4,000, loss=15.008532502345274
Test: Output=[0.02581788 0.03530731 0.00671282 0.97524205 0.79148898 0.2788409 ], Target=[0, 0, 0, 0, 1, 0]
t=880.10, epoch=4,100, loss=9.836367225124441
Test: Output=[0.01605323 0.01626502 0.01142498 0.83773795 0.93637431 0.42430029], Target=[0, 0, 0, 0, 1, 0]
t=904.09, epoch=4,200, loss=15.331076155011415
Test: Output=[0.0062226  0.00450268 0.00394066 0.96809581 0.77511718 0.00188591], Target=[0, 0, 0, 0, 1, 0]
t=935.40, epoch=4,300, loss=6.081645717177485
Test: Output=[0.01394136 0.01350236 0.1041865  0.52518914 0.55846599 0.04066122], Target=[0, 0, 0, 0, 1, 0]
t=961.96, epoch=4,400, loss=3.890135493847207
Test: Output=[0.00668081 0.00625753 0.03197735 0.84564115 0.71623557 0.00491187], Target=[0, 0, 0, 0, 1, 0]
t=984.89, epoch=4,500, loss=3.2539742605676736
Test: Output=[0.00573897 0.00596713 0.02122037 0.8868097  0.61711757 0.00502693], Target=[0, 0, 0, 0, 1, 0]
t=1109.30, epoch=4,600, loss=2.8494621769689035
Test: Output=[0.00381225 0.00440909 0.01592809 0.92082451 0.76204621 0.00252009], Target=[0, 0, 0, 0, 1, 0]
t=1141.02, epoch=4,700, loss=2.5620013082304216
Test: Output=[0.0037525  0.00468718 0.0092245  0.96922054 0.80676866 0.00279878], Target=[0, 0, 0, 0, 1, 0]
t=1168.48, epoch=4,800, loss=2.318777904073766
Test: Output=[0.00370093 0.00497838 0.0100931  0.96930651 0.82586264 0.00284824], Target=[0, 0, 0, 0, 1, 0]
t=1197.19, epoch=4,900, loss=2.199593841423361
Test: Output=[0.0034715  0.00493197 0.01083816 0.96989851 0.84956727 0.00254148], Target=[0, 0, 0, 0, 1, 0]
t=1224.67, epoch=5,000, loss=2.108409921807749
Test: Output=[0.0031968  0.00470334 0.0123463  0.96711574 0.87854404 0.00213632], Target=[0, 0, 0, 0, 1, 0]
t=1252.02, epoch=5,100, loss=2.016029711747249
Test: Output=[0.00274586 0.00410642 0.01453484 0.96084581 0.91667099 0.00156207], Target=[0, 0, 0, 0, 1, 0]
t=1279.68, epoch=5,200, loss=1.9048076372689604
Test: Output=[0.00233022 0.00346907 0.0207533  0.9465968  0.93984815 0.00147092], Target=[0, 0, 0, 0, 1, 0]
